2023-03-25 13:51:15,350 INFO  SLF4JLogger:76 - [] Exception in monitor thread while connecting to server ac-ycvhgkf-shard-00-01.wqn7mmm.mongodb.net:27017
com.mongodb.MongoSocketReadException: Exception receiving message
	at com.mongodb.internal.connection.InternalStreamConnection.translateReadException(InternalStreamConnection.java:707)
	at com.mongodb.internal.connection.InternalStreamConnection.receiveMessageWithAdditionalTimeout(InternalStreamConnection.java:579)
	at com.mongodb.internal.connection.InternalStreamConnection.receiveCommandMessageResponse(InternalStreamConnection.java:415)
	at com.mongodb.internal.connection.InternalStreamConnection.receive(InternalStreamConnection.java:374)
	at com.mongodb.internal.connection.DefaultServerMonitor$ServerMonitorRunnable.lookupServerDescription(DefaultServerMonitor.java:216)
	at com.mongodb.internal.connection.DefaultServerMonitor$ServerMonitorRunnable.run(DefaultServerMonitor.java:152)
	at java.base/java.lang.Thread.run(Thread.java:833)
Caused by: java.net.SocketException: Socket is closed
	at java.base/java.net.Socket.setSoTimeout(Socket.java:1218)
	at java.base/sun.security.ssl.BaseSSLSocketImpl.setSoTimeout(BaseSSLSocketImpl.java:638)
	at java.base/sun.security.ssl.SSLSocketImpl.setSoTimeout(SSLSocketImpl.java:74)
	at com.mongodb.internal.connection.SocketStream.read(SocketStream.java:133)
	at com.mongodb.internal.connection.InternalStreamConnection.receiveResponseBuffers(InternalStreamConnection.java:718)
	at com.mongodb.internal.connection.InternalStreamConnection.receiveMessageWithAdditionalTimeout(InternalStreamConnection.java:576)
	... 5 common frames omitted
2023-03-25 13:51:15,350 INFO  SLF4JLogger:76 - [] Exception in monitor thread while connecting to server ac-ycvhgkf-shard-00-00.wqn7mmm.mongodb.net:27017
com.mongodb.MongoSocketReadException: Exception receiving message
	at com.mongodb.internal.connection.InternalStreamConnection.translateReadException(InternalStreamConnection.java:707)
	at com.mongodb.internal.connection.InternalStreamConnection.receiveMessageWithAdditionalTimeout(InternalStreamConnection.java:579)
	at com.mongodb.internal.connection.InternalStreamConnection.receiveCommandMessageResponse(InternalStreamConnection.java:415)
	at com.mongodb.internal.connection.InternalStreamConnection.receive(InternalStreamConnection.java:374)
	at com.mongodb.internal.connection.DefaultServerMonitor$ServerMonitorRunnable.lookupServerDescription(DefaultServerMonitor.java:216)
	at com.mongodb.internal.connection.DefaultServerMonitor$ServerMonitorRunnable.run(DefaultServerMonitor.java:152)
	at java.base/java.lang.Thread.run(Thread.java:833)
Caused by: java.net.SocketException: Socket is closed
	at java.base/java.net.Socket.setSoTimeout(Socket.java:1218)
	at java.base/sun.security.ssl.BaseSSLSocketImpl.setSoTimeout(BaseSSLSocketImpl.java:638)
	at java.base/sun.security.ssl.SSLSocketImpl.setSoTimeout(SSLSocketImpl.java:74)
	at com.mongodb.internal.connection.SocketStream.read(SocketStream.java:133)
	at com.mongodb.internal.connection.InternalStreamConnection.receiveResponseBuffers(InternalStreamConnection.java:718)
	at com.mongodb.internal.connection.InternalStreamConnection.receiveMessageWithAdditionalTimeout(InternalStreamConnection.java:576)
	... 5 common frames omitted
2023-03-25 13:51:15,350 INFO  SLF4JLogger:76 - [] Exception in monitor thread while connecting to server ac-ycvhgkf-shard-00-02.wqn7mmm.mongodb.net:27017
com.mongodb.MongoSocketReadException: Exception receiving message
	at com.mongodb.internal.connection.InternalStreamConnection.translateReadException(InternalStreamConnection.java:707)
	at com.mongodb.internal.connection.InternalStreamConnection.receiveMessageWithAdditionalTimeout(InternalStreamConnection.java:579)
	at com.mongodb.internal.connection.InternalStreamConnection.receiveCommandMessageResponse(InternalStreamConnection.java:415)
	at com.mongodb.internal.connection.InternalStreamConnection.receive(InternalStreamConnection.java:374)
	at com.mongodb.internal.connection.DefaultServerMonitor$ServerMonitorRunnable.lookupServerDescription(DefaultServerMonitor.java:216)
	at com.mongodb.internal.connection.DefaultServerMonitor$ServerMonitorRunnable.run(DefaultServerMonitor.java:152)
	at java.base/java.lang.Thread.run(Thread.java:833)
Caused by: java.net.SocketException: Socket is closed
	at java.base/java.net.Socket.setSoTimeout(Socket.java:1218)
	at java.base/sun.security.ssl.BaseSSLSocketImpl.setSoTimeout(BaseSSLSocketImpl.java:638)
	at java.base/sun.security.ssl.SSLSocketImpl.setSoTimeout(SSLSocketImpl.java:74)
	at com.mongodb.internal.connection.SocketStream.read(SocketStream.java:133)
	at com.mongodb.internal.connection.InternalStreamConnection.receiveResponseBuffers(InternalStreamConnection.java:718)
	at com.mongodb.internal.connection.InternalStreamConnection.receiveMessageWithAdditionalTimeout(InternalStreamConnection.java:576)
	... 5 common frames omitted
2023-03-25 13:51:15,413 INFO  SLF4JLogger:76 - [] Exception in monitor thread while connecting to server ac-ycvhgkf-shard-00-00.wqn7mmm.mongodb.net:27017
com.mongodb.MongoSocketException: No such host is known (ac-ycvhgkf-shard-00-00.wqn7mmm.mongodb.net)
	at com.mongodb.ServerAddress.getSocketAddresses(ServerAddress.java:211)
	at com.mongodb.internal.connection.SocketStream.initializeSocket(SocketStream.java:75)
	at com.mongodb.internal.connection.SocketStream.open(SocketStream.java:65)
	at com.mongodb.internal.connection.InternalStreamConnection.open(InternalStreamConnection.java:180)
	at com.mongodb.internal.connection.DefaultServerMonitor$ServerMonitorRunnable.lookupServerDescription(DefaultServerMonitor.java:188)
	at com.mongodb.internal.connection.DefaultServerMonitor$ServerMonitorRunnable.run(DefaultServerMonitor.java:152)
	at java.base/java.lang.Thread.run(Thread.java:833)
Caused by: java.net.UnknownHostException: No such host is known (ac-ycvhgkf-shard-00-00.wqn7mmm.mongodb.net)
	at java.base/java.net.Inet6AddressImpl.lookupAllHostAddr(Native Method)
	at java.base/java.net.InetAddress$PlatformNameService.lookupAllHostAddr(InetAddress.java:933)
	at java.base/java.net.InetAddress.getAddressesFromNameService(InetAddress.java:1529)
	at java.base/java.net.InetAddress$NameServiceAddresses.get(InetAddress.java:852)
	at java.base/java.net.InetAddress.getAllByName0(InetAddress.java:1519)
	at java.base/java.net.InetAddress.getAllByName(InetAddress.java:1377)
	at java.base/java.net.InetAddress.getAllByName(InetAddress.java:1305)
	at com.mongodb.ServerAddress.getSocketAddresses(ServerAddress.java:203)
	... 6 common frames omitted
2023-03-25 13:51:15,450 INFO  SLF4JLogger:76 - [] Exception in monitor thread while connecting to server ac-ycvhgkf-shard-00-01.wqn7mmm.mongodb.net:27017
com.mongodb.MongoSocketException: No such host is known (ac-ycvhgkf-shard-00-01.wqn7mmm.mongodb.net)
	at com.mongodb.ServerAddress.getSocketAddresses(ServerAddress.java:211)
	at com.mongodb.internal.connection.SocketStream.initializeSocket(SocketStream.java:75)
	at com.mongodb.internal.connection.SocketStream.open(SocketStream.java:65)
	at com.mongodb.internal.connection.InternalStreamConnection.open(InternalStreamConnection.java:180)
	at com.mongodb.internal.connection.DefaultServerMonitor$ServerMonitorRunnable.lookupServerDescription(DefaultServerMonitor.java:188)
	at com.mongodb.internal.connection.DefaultServerMonitor$ServerMonitorRunnable.run(DefaultServerMonitor.java:152)
	at java.base/java.lang.Thread.run(Thread.java:833)
Caused by: java.net.UnknownHostException: No such host is known (ac-ycvhgkf-shard-00-01.wqn7mmm.mongodb.net)
	at java.base/java.net.Inet6AddressImpl.lookupAllHostAddr(Native Method)
	at java.base/java.net.InetAddress$PlatformNameService.lookupAllHostAddr(InetAddress.java:933)
	at java.base/java.net.InetAddress.getAddressesFromNameService(InetAddress.java:1529)
	at java.base/java.net.InetAddress$NameServiceAddresses.get(InetAddress.java:852)
	at java.base/java.net.InetAddress.getAllByName0(InetAddress.java:1519)
	at java.base/java.net.InetAddress.getAllByName(InetAddress.java:1377)
	at java.base/java.net.InetAddress.getAllByName(InetAddress.java:1305)
	at com.mongodb.ServerAddress.getSocketAddresses(ServerAddress.java:203)
	... 6 common frames omitted
2023-03-25 13:51:15,413 INFO  SLF4JLogger:76 - [] Exception in monitor thread while connecting to server ac-ycvhgkf-shard-00-02.wqn7mmm.mongodb.net:27017
com.mongodb.MongoSocketException: No such host is known (ac-ycvhgkf-shard-00-02.wqn7mmm.mongodb.net)
	at com.mongodb.ServerAddress.getSocketAddresses(ServerAddress.java:211)
	at com.mongodb.internal.connection.SocketStream.initializeSocket(SocketStream.java:75)
	at com.mongodb.internal.connection.SocketStream.open(SocketStream.java:65)
	at com.mongodb.internal.connection.InternalStreamConnection.open(InternalStreamConnection.java:180)
	at com.mongodb.internal.connection.DefaultServerMonitor$ServerMonitorRunnable.lookupServerDescription(DefaultServerMonitor.java:188)
	at com.mongodb.internal.connection.DefaultServerMonitor$ServerMonitorRunnable.run(DefaultServerMonitor.java:152)
	at java.base/java.lang.Thread.run(Thread.java:833)
Caused by: java.net.UnknownHostException: No such host is known (ac-ycvhgkf-shard-00-02.wqn7mmm.mongodb.net)
	at java.base/java.net.Inet6AddressImpl.lookupAllHostAddr(Native Method)
	at java.base/java.net.InetAddress$PlatformNameService.lookupAllHostAddr(InetAddress.java:933)
	at java.base/java.net.InetAddress.getAddressesFromNameService(InetAddress.java:1529)
	at java.base/java.net.InetAddress$NameServiceAddresses.get(InetAddress.java:852)
	at java.base/java.net.InetAddress.getAllByName0(InetAddress.java:1519)
	at java.base/java.net.InetAddress.getAllByName(InetAddress.java:1377)
	at java.base/java.net.InetAddress.getAllByName(InetAddress.java:1305)
	at com.mongodb.ServerAddress.getSocketAddresses(ServerAddress.java:203)
	... 6 common frames omitted
2023-03-25 13:51:26,351 INFO  SLF4JLogger:71 - [] Opened connection [connectionId{localValue:18, serverValue:385469}] to ac-ycvhgkf-shard-00-01.wqn7mmm.mongodb.net:27017
2023-03-25 13:51:26,351 INFO  SLF4JLogger:71 - [] Opened connection [connectionId{localValue:16, serverValue:386353}] to ac-ycvhgkf-shard-00-00.wqn7mmm.mongodb.net:27017
2023-03-25 13:51:26,351 INFO  SLF4JLogger:71 - [] Monitor thread successfully connected to server with description ServerDescription{address=ac-ycvhgkf-shard-00-01.wqn7mmm.mongodb.net:27017, type=REPLICA_SET_SECONDARY, state=CONNECTED, ok=true, minWireVersion=0, maxWireVersion=13, maxDocumentSize=16777216, logicalSessionTimeoutMinutes=30, roundTripTimeNanos=552706000, setName='atlas-lzjbj9-shard-0', canonicalAddress=ac-ycvhgkf-shard-00-01.wqn7mmm.mongodb.net:27017, hosts=[ac-ycvhgkf-shard-00-00.wqn7mmm.mongodb.net:27017, ac-ycvhgkf-shard-00-01.wqn7mmm.mongodb.net:27017, ac-ycvhgkf-shard-00-02.wqn7mmm.mongodb.net:27017], passives=[], arbiters=[], primary='ac-ycvhgkf-shard-00-02.wqn7mmm.mongodb.net:27017', tagSet=TagSet{[Tag{name='nodeType', value='ELECTABLE'}, Tag{name='provider', value='AWS'}, Tag{name='region', value='US_EAST_1'}, Tag{name='workloadType', value='OPERATIONAL'}]}, electionId=null, setVersion=9, topologyVersion=TopologyVersion{processId=640d074fa28546d4ece770fb, counter=3}, lastWriteDate=Sat Mar 25 13:51:25 IST 2023, lastUpdateTimeNanos=98730434266600}
2023-03-25 13:51:26,351 INFO  SLF4JLogger:71 - [] Monitor thread successfully connected to server with description ServerDescription{address=ac-ycvhgkf-shard-00-00.wqn7mmm.mongodb.net:27017, type=REPLICA_SET_SECONDARY, state=CONNECTED, ok=true, minWireVersion=0, maxWireVersion=13, maxDocumentSize=16777216, logicalSessionTimeoutMinutes=30, roundTripTimeNanos=601733900, setName='atlas-lzjbj9-shard-0', canonicalAddress=ac-ycvhgkf-shard-00-00.wqn7mmm.mongodb.net:27017, hosts=[ac-ycvhgkf-shard-00-00.wqn7mmm.mongodb.net:27017, ac-ycvhgkf-shard-00-01.wqn7mmm.mongodb.net:27017, ac-ycvhgkf-shard-00-02.wqn7mmm.mongodb.net:27017], passives=[], arbiters=[], primary='ac-ycvhgkf-shard-00-02.wqn7mmm.mongodb.net:27017', tagSet=TagSet{[Tag{name='nodeType', value='ELECTABLE'}, Tag{name='provider', value='AWS'}, Tag{name='region', value='US_EAST_1'}, Tag{name='workloadType', value='OPERATIONAL'}]}, electionId=null, setVersion=9, topologyVersion=TopologyVersion{processId=640d052247e68c471ee26acd, counter=4}, lastWriteDate=Sat Mar 25 13:51:25 IST 2023, lastUpdateTimeNanos=98730433995500}
2023-03-25 13:51:26,528 INFO  SLF4JLogger:71 - [] Opened connection [connectionId{localValue:17, serverValue:395250}] to ac-ycvhgkf-shard-00-02.wqn7mmm.mongodb.net:27017
2023-03-25 13:51:26,528 INFO  SLF4JLogger:71 - [] Monitor thread successfully connected to server with description ServerDescription{address=ac-ycvhgkf-shard-00-02.wqn7mmm.mongodb.net:27017, type=REPLICA_SET_PRIMARY, state=CONNECTED, ok=true, minWireVersion=0, maxWireVersion=13, maxDocumentSize=16777216, logicalSessionTimeoutMinutes=30, roundTripTimeNanos=623835500, setName='atlas-lzjbj9-shard-0', canonicalAddress=ac-ycvhgkf-shard-00-02.wqn7mmm.mongodb.net:27017, hosts=[ac-ycvhgkf-shard-00-00.wqn7mmm.mongodb.net:27017, ac-ycvhgkf-shard-00-01.wqn7mmm.mongodb.net:27017, ac-ycvhgkf-shard-00-02.wqn7mmm.mongodb.net:27017], passives=[], arbiters=[], primary='ac-ycvhgkf-shard-00-02.wqn7mmm.mongodb.net:27017', tagSet=TagSet{[Tag{name='nodeType', value='ELECTABLE'}, Tag{name='provider', value='AWS'}, Tag{name='region', value='US_EAST_1'}, Tag{name='workloadType', value='OPERATIONAL'}]}, electionId=7fffffff000000000000016e, setVersion=9, topologyVersion=TopologyVersion{processId=640d0631c65aab473fc6791f, counter=6}, lastWriteDate=Sat Mar 25 13:51:25 IST 2023, lastUpdateTimeNanos=98730611733500}
2023-03-25 13:51:26,529 INFO  SLF4JLogger:71 - [] Discovered replica set primary ac-ycvhgkf-shard-00-02.wqn7mmm.mongodb.net:27017
2023-03-25 13:51:28,987 INFO  SLF4JLogger:71 - [] Opened connection [connectionId{localValue:20, serverValue:385483}] to ac-ycvhgkf-shard-00-01.wqn7mmm.mongodb.net:27017
2023-03-25 13:51:29,010 INFO  SLF4JLogger:71 - [] Opened connection [connectionId{localValue:19, serverValue:386355}] to ac-ycvhgkf-shard-00-00.wqn7mmm.mongodb.net:27017
2023-03-25 13:51:29,333 INFO  SLF4JLogger:71 - [] Opened connection [connectionId{localValue:21, serverValue:395411}] to ac-ycvhgkf-shard-00-02.wqn7mmm.mongodb.net:27017
2023-03-25 13:55:29,237 INFO  ConfigClusterResolver:43 - [] Resolving eureka endpoints via configuration
